0 verbose cli /usr/local/bin/node /usr/local/bin/npm
1 info using npm@10.9.3
2 info using node@v18.20.8
3 silly config load:file:/usr/local/lib/node_modules/npm/npmrc
4 silly config load:file:/home/container/.npmrc
5 silly config load:file:/usr/local/etc/npmrc
6 verbose title npm install
7 verbose argv "install"
8 verbose logfile logs-max:10 dir:/home/container/.npm/_logs/2025-10-05T22_31_35_022Z-
9 verbose logfile /home/container/.npm/_logs/2025-10-05T22_31_35_022Z-debug-0.log
10 silly logfile done cleaning log files
11 silly packumentCache heap:271581184 maxSize:67895296 maxEntrySize:33947648
12 silly idealTree buildDeps
13 silly reify moves {}
14 silly audit bulk request {
14 silly audit   '@discordjs/builders': [ '1.11.3' ],
14 silly audit   '@discordjs/collection': [ '1.5.3', '2.1.1' ],
14 silly audit   '@discordjs/formatters': [ '0.6.1' ],
14 silly audit   '@discordjs/rest': [ '2.6.0' ],
14 silly audit   '@discordjs/util': [ '1.1.1' ],
14 silly audit   '@discordjs/ws': [ '1.2.3' ],
14 silly audit   '@sapphire/async-queue': [ '1.5.5' ],
14 silly audit   '@sapphire/shapeshift': [ '4.0.0' ],
14 silly audit   '@sapphire/snowflake': [ '3.5.3' ],
14 silly audit   '@types/node': [ '24.3.0' ],
14 silly audit   '@types/ws': [ '8.18.1' ],
14 silly audit   '@vladfrangu/async_event_emitter': [ '2.4.6' ],
14 silly audit   asynckit: [ '0.4.0' ],
14 silly audit   axios: [ '1.11.0' ],
14 silly audit   'call-bind-apply-helpers': [ '1.0.2' ],
14 silly audit   'combined-stream': [ '1.0.8' ],
14 silly audit   'data-uri-to-buffer': [ '4.0.1' ],
14 silly audit   'delayed-stream': [ '1.0.0' ],
14 silly audit   'discord-api-types': [ '0.38.22' ],
14 silly audit   'discord.js': [ '14.22.1' ],
14 silly audit   'dunder-proto': [ '1.0.1' ],
14 silly audit   'es-define-property': [ '1.0.1' ],
14 silly audit   'es-errors': [ '1.3.0' ],
14 silly audit   'es-object-atoms': [ '1.1.1' ],
14 silly audit   'es-set-tostringtag': [ '2.1.0' ],
14 silly audit   'fast-deep-equal': [ '3.1.3' ],
14 silly audit   'fetch-blob': [ '3.2.0' ],
14 silly audit   'follow-redirects': [ '1.15.11' ],
14 silly audit   'form-data': [ '4.0.4' ],
14 silly audit   'formdata-polyfill': [ '4.0.10' ],
14 silly audit   fs: [ '0.0.1-security' ],
14 silly audit   'function-bind': [ '1.1.2' ],
14 silly audit   'get-intrinsic': [ '1.3.0' ],
14 silly audit   'get-proto': [ '1.0.1' ],
14 silly audit   gopd: [ '1.2.0' ],
14 silly audit   'has-symbols': [ '1.1.0' ],
14 silly audit   'has-tostringtag': [ '1.0.2' ],
14 silly audit   hasown: [ '2.0.2' ],
14 silly audit   inherits: [ '2.0.3' ],
14 silly audit   lodash: [ '4.17.21' ],
14 silly audit   'lodash.snakecase': [ '4.1.1' ],
14 silly audit   'magic-bytes.js': [ '1.12.1' ],
14 silly audit   'math-intrinsics': [ '1.1.0' ],
14 silly audit   'mime-db': [ '1.52.0' ],
14 silly audit   'mime-types': [ '2.1.35' ],
14 silly audit   'node-domexception': [ '1.0.0' ],
14 silly audit   'node-fetch': [ '3.3.2' ],
14 silly audit   path: [ '0.12.7' ],
14 silly audit   process: [ '0.11.10' ],
14 silly audit   'proxy-from-env': [ '1.1.0' ],
14 silly audit   'ts-mixer': [ '6.0.4' ],
14 silly audit   tslib: [ '2.8.1' ],
14 silly audit   undici: [ '6.21.3' ],
14 silly audit   'undici-types': [ '7.10.0' ],
14 silly audit   util: [ '0.10.4' ],
14 silly audit   'web-streams-polyfill': [ '3.3.3' ],
14 silly audit   ws: [ '8.18.3' ]
14 silly audit }
15 http fetch GET 200 https://registry.npmjs.org/npm 580ms
16 http cache ws@https://registry.npmjs.org/ws/-/ws-8.18.3.tgz 0ms (cache hit)
17 http cache web-streams-polyfill@https://registry.npmjs.org/web-streams-polyfill/-/web-streams-polyfill-3.3.3.tgz 0ms (cache hit)
18 http cache util@https://registry.npmjs.org/util/-/util-0.10.4.tgz 0ms (cache hit)
19 http cache undici@https://registry.npmjs.org/undici/-/undici-6.21.3.tgz 0ms (cache hit)
20 http cache undici-types@https://registry.npmjs.org/undici-types/-/undici-types-7.10.0.tgz 0ms (cache hit)
21 http cache tslib@https://registry.npmjs.org/tslib/-/tslib-2.8.1.tgz 0ms (cache hit)
22 http cache ts-mixer@https://registry.npmjs.org/ts-mixer/-/ts-mixer-6.0.4.tgz 0ms (cache hit)
23 http cache proxy-from-env@https://registry.npmjs.org/proxy-from-env/-/proxy-from-env-1.1.0.tgz 0ms (cache hit)
24 http cache process@https://registry.npmjs.org/process/-/process-0.11.10.tgz 0ms (cache hit)
25 http cache path@https://registry.npmjs.org/path/-/path-0.12.7.tgz 0ms (cache hit)
26 http cache node-fetch@https://registry.npmjs.org/node-fetch/-/node-fetch-3.3.2.tgz 0ms (cache hit)
27 http cache node-domexception@https://registry.npmjs.org/node-domexception/-/node-domexception-1.0.0.tgz 0ms (cache hit)
28 http cache mime-db@https://registry.npmjs.org/mime-db/-/mime-db-1.52.0.tgz 0ms (cache hit)
29 http cache math-intrinsics@https://registry.npmjs.org/math-intrinsics/-/math-intrinsics-1.1.0.tgz 0ms (cache hit)
30 http cache magic-bytes.js@https://registry.npmjs.org/magic-bytes.js/-/magic-bytes.js-1.12.1.tgz 0ms (cache hit)
31 http cache lodash.snakecase@https://registry.npmjs.org/lodash.snakecase/-/lodash.snakecase-4.1.1.tgz 0ms (cache hit)
32 http cache lodash@https://registry.npmjs.org/lodash/-/lodash-4.17.21.tgz 0ms (cache hit)
33 http cache inherits@https://registry.npmjs.org/inherits/-/inherits-2.0.3.tgz 0ms (cache hit)
34 http cache hasown@https://registry.npmjs.org/hasown/-/hasown-2.0.2.tgz 0ms (cache hit)
35 http cache has-tostringtag@https://registry.npmjs.org/has-tostringtag/-/has-tostringtag-1.0.2.tgz 0ms (cache hit)
36 http cache has-symbols@https://registry.npmjs.org/has-symbols/-/has-symbols-1.1.0.tgz 0ms (cache hit)
37 http cache gopd@https://registry.npmjs.org/gopd/-/gopd-1.2.0.tgz 0ms (cache hit)
38 http cache get-proto@https://registry.npmjs.org/get-proto/-/get-proto-1.0.1.tgz 0ms (cache hit)
39 http cache get-intrinsic@https://registry.npmjs.org/get-intrinsic/-/get-intrinsic-1.3.0.tgz 0ms (cache hit)
40 http cache function-bind@https://registry.npmjs.org/function-bind/-/function-bind-1.1.2.tgz 0ms (cache hit)
41 http cache fs@https://registry.npmjs.org/fs/-/fs-0.0.1-security.tgz 0ms (cache hit)
42 http cache formdata-polyfill@https://registry.npmjs.org/formdata-polyfill/-/formdata-polyfill-4.0.10.tgz 0ms (cache hit)
43 http cache form-data@https://registry.npmjs.org/form-data/-/form-data-4.0.4.tgz 0ms (cache hit)
44 http cache follow-redirects@https://registry.npmjs.org/follow-redirects/-/follow-redirects-1.15.11.tgz 0ms (cache hit)
45 http cache fetch-blob@https://registry.npmjs.org/fetch-blob/-/fetch-blob-3.2.0.tgz 0ms (cache hit)
46 http cache fast-deep-equal@https://registry.npmjs.org/fast-deep-equal/-/fast-deep-equal-3.1.3.tgz 0ms (cache hit)
47 http cache es-set-tostringtag@https://registry.npmjs.org/es-set-tostringtag/-/es-set-tostringtag-2.1.0.tgz 0ms (cache hit)
48 http cache es-object-atoms@https://registry.npmjs.org/es-object-atoms/-/es-object-atoms-1.1.1.tgz 0ms (cache hit)
49 http cache es-define-property@https://registry.npmjs.org/es-define-property/-/es-define-property-1.0.1.tgz 0ms (cache hit)
50 http cache dunder-proto@https://registry.npmjs.org/dunder-proto/-/dunder-proto-1.0.1.tgz 0ms (cache hit)
51 http cache discord.js@https://registry.npmjs.org/discord.js/-/discord.js-14.22.1.tgz 0ms (cache hit)
52 http cache discord-api-types@https://registry.npmjs.org/discord-api-types/-/discord-api-types-0.38.22.tgz 0ms (cache hit)
53 http cache delayed-stream@https://registry.npmjs.org/delayed-stream/-/delayed-stream-1.0.0.tgz 0ms (cache hit)
54 http cache data-uri-to-buffer@https://registry.npmjs.org/data-uri-to-buffer/-/data-uri-to-buffer-4.0.1.tgz 0ms (cache hit)
55 http cache combined-stream@https://registry.npmjs.org/combined-stream/-/combined-stream-1.0.8.tgz 0ms (cache hit)
56 http cache call-bind-apply-helpers@https://registry.npmjs.org/call-bind-apply-helpers/-/call-bind-apply-helpers-1.0.2.tgz 0ms (cache hit)
57 http cache axios@https://registry.npmjs.org/axios/-/axios-1.11.0.tgz 0ms (cache hit)
58 http cache asynckit@https://registry.npmjs.org/asynckit/-/asynckit-0.4.0.tgz 0ms (cache hit)
59 http cache @vladfrangu/async_event_emitter@https://registry.npmjs.org/@vladfrangu/async_event_emitter/-/async_event_emitter-2.4.6.tgz 0ms (cache hit)
60 http cache @types/ws@https://registry.npmjs.org/@types/ws/-/ws-8.18.1.tgz 0ms (cache hit)
61 http cache @types/node@https://registry.npmjs.org/@types/node/-/node-24.3.0.tgz 0ms (cache hit)
62 http cache @sapphire/snowflake@https://registry.npmjs.org/@sapphire/snowflake/-/snowflake-3.5.3.tgz 0ms (cache hit)
63 http cache @sapphire/shapeshift@https://registry.npmjs.org/@sapphire/shapeshift/-/shapeshift-4.0.0.tgz 0ms (cache hit)
64 http cache @sapphire/async-queue@https://registry.npmjs.org/@sapphire/async-queue/-/async-queue-1.5.5.tgz 0ms (cache hit)
65 http cache @discordjs/ws@https://registry.npmjs.org/@discordjs/ws/-/ws-1.2.3.tgz 0ms (cache hit)
66 http cache @discordjs/util@https://registry.npmjs.org/@discordjs/util/-/util-1.1.1.tgz 0ms (cache hit)
67 http cache @discordjs/rest@https://registry.npmjs.org/@discordjs/rest/-/rest-2.6.0.tgz 0ms (cache hit)
68 http cache @discordjs/formatters@https://registry.npmjs.org/@discordjs/formatters/-/formatters-0.6.1.tgz 0ms (cache hit)
69 http cache @discordjs/collection@https://registry.npmjs.org/@discordjs/collection/-/collection-1.5.3.tgz 0ms (cache hit)
70 http cache @discordjs/builders@https://registry.npmjs.org/@discordjs/builders/-/builders-1.11.3.tgz 0ms (cache hit)
71 http cache mime-types@https://registry.npmjs.org/mime-types/-/mime-types-2.1.35.tgz 0ms (cache hit)
72 http cache @discordjs/collection@https://registry.npmjs.org/@discordjs/collection/-/collection-2.1.1.tgz 0ms (cache hit)
73 http cache es-errors@https://registry.npmjs.org/es-errors/-/es-errors-1.3.0.tgz 0ms (cache hit)
74 http cache @discordjs/collection@https://registry.npmjs.org/@discordjs/collection/-/collection-2.1.1.tgz 0ms (cache hit)
75 silly tarball no local data for ws@https://registry.npmjs.org/ws/-/ws-8.18.3.tgz. Extracting by manifest.
76 silly tarball no local data for web-streams-polyfill@https://registry.npmjs.org/web-streams-polyfill/-/web-streams-polyfill-3.3.3.tgz. Extracting by manifest.
77 silly tarball no local data for util@https://registry.npmjs.org/util/-/util-0.10.4.tgz. Extracting by manifest.
78 silly tarball no local data for undici@https://registry.npmjs.org/undici/-/undici-6.21.3.tgz. Extracting by manifest.
79 silly tarball no local data for undici-types@https://registry.npmjs.org/undici-types/-/undici-types-7.10.0.tgz. Extracting by manifest.
80 silly tarball no local data for tslib@https://registry.npmjs.org/tslib/-/tslib-2.8.1.tgz. Extracting by manifest.
81 silly tarball no local data for ts-mixer@https://registry.npmjs.org/ts-mixer/-/ts-mixer-6.0.4.tgz. Extracting by manifest.
82 silly tarball no local data for proxy-from-env@https://registry.npmjs.org/proxy-from-env/-/proxy-from-env-1.1.0.tgz. Extracting by manifest.
83 silly tarball no local data for process@https://registry.npmjs.org/process/-/process-0.11.10.tgz. Extracting by manifest.
84 silly tarball no local data for path@https://registry.npmjs.org/path/-/path-0.12.7.tgz. Extracting by manifest.
85 silly tarball no local data for node-fetch@https://registry.npmjs.org/node-fetch/-/node-fetch-3.3.2.tgz. Extracting by manifest.
86 silly tarball no local data for node-domexception@https://registry.npmjs.org/node-domexception/-/node-domexception-1.0.0.tgz. Extracting by manifest.
87 silly tarball no local data for mime-db@https://registry.npmjs.org/mime-db/-/mime-db-1.52.0.tgz. Extracting by manifest.
88 silly tarball no local data for math-intrinsics@https://registry.npmjs.org/math-intrinsics/-/math-intrinsics-1.1.0.tgz. Extracting by manifest.
89 silly tarball no local data for magic-bytes.js@https://registry.npmjs.org/magic-bytes.js/-/magic-bytes.js-1.12.1.tgz. Extracting by manifest.
90 silly tarball no local data for lodash.snakecase@https://registry.npmjs.org/lodash.snakecase/-/lodash.snakecase-4.1.1.tgz. Extracting by manifest.
91 silly tarball no local data for lodash@https://registry.npmjs.org/lodash/-/lodash-4.17.21.tgz. Extracting by manifest.
92 silly tarball no local data for inherits@https://registry.npmjs.org/inherits/-/inherits-2.0.3.tgz. Extracting by manifest.
93 silly tarball no local data for hasown@https://registry.npmjs.org/hasown/-/hasown-2.0.2.tgz. Extracting by manifest.
94 silly tarball no local data for has-tostringtag@https://registry.npmjs.org/has-tostringtag/-/has-tostringtag-1.0.2.tgz. Extracting by manifest.
95 silly tarball no local data for has-symbols@https://registry.npmjs.org/has-symbols/-/has-symbols-1.1.0.tgz. Extracting by manifest.
96 silly tarball no local data for gopd@https://registry.npmjs.org/gopd/-/gopd-1.2.0.tgz. Extracting by manifest.
97 silly tarball no local data for get-proto@https://registry.npmjs.org/get-proto/-/get-proto-1.0.1.tgz. Extracting by manifest.
98 silly tarball no local data for get-intrinsic@https://registry.npmjs.org/get-intrinsic/-/get-intrinsic-1.3.0.tgz. Extracting by manifest.
99 silly tarball no local data for function-bind@https://registry.npmjs.org/function-bind/-/function-bind-1.1.2.tgz. Extracting by manifest.
100 silly tarball no local data for fs@https://registry.npmjs.org/fs/-/fs-0.0.1-security.tgz. Extracting by manifest.
101 silly tarball no local data for formdata-polyfill@https://registry.npmjs.org/formdata-polyfill/-/formdata-polyfill-4.0.10.tgz. Extracting by manifest.
102 silly tarball no local data for form-data@https://registry.npmjs.org/form-data/-/form-data-4.0.4.tgz. Extracting by manifest.
103 silly tarball no local data for follow-redirects@https://registry.npmjs.org/follow-redirects/-/follow-redirects-1.15.11.tgz. Extracting by manifest.
104 silly tarball no local data for fetch-blob@https://registry.npmjs.org/fetch-blob/-/fetch-blob-3.2.0.tgz. Extracting by manifest.
105 silly tarball no local data for fast-deep-equal@https://registry.npmjs.org/fast-deep-equal/-/fast-deep-equal-3.1.3.tgz. Extracting by manifest.
106 silly tarball no local data for es-set-tostringtag@https://registry.npmjs.org/es-set-tostringtag/-/es-set-tostringtag-2.1.0.tgz. Extracting by manifest.
107 silly tarball no local data for es-object-atoms@https://registry.npmjs.org/es-object-atoms/-/es-object-atoms-1.1.1.tgz. Extracting by manifest.
108 silly tarball no local data for es-define-property@https://registry.npmjs.org/es-define-property/-/es-define-property-1.0.1.tgz. Extracting by manifest.
109 silly tarball no local data for dunder-proto@https://registry.npmjs.org/dunder-proto/-/dunder-proto-1.0.1.tgz. Extracting by manifest.
110 silly tarball no local data for discord.js@https://registry.npmjs.org/discord.js/-/discord.js-14.22.1.tgz. Extracting by manifest.
111 silly tarball no local data for discord-api-types@https://registry.npmjs.org/discord-api-types/-/discord-api-types-0.38.22.tgz. Extracting by manifest.
112 silly tarball no local data for delayed-stream@https://registry.npmjs.org/delayed-stream/-/delayed-stream-1.0.0.tgz. Extracting by manifest.
113 silly tarball no local data for data-uri-to-buffer@https://registry.npmjs.org/data-uri-to-buffer/-/data-uri-to-buffer-4.0.1.tgz. Extracting by manifest.
114 silly tarball no local data for combined-stream@https://registry.npmjs.org/combined-stream/-/combined-stream-1.0.8.tgz. Extracting by manifest.
115 silly tarball no local data for call-bind-apply-helpers@https://registry.npmjs.org/call-bind-apply-helpers/-/call-bind-apply-helpers-1.0.2.tgz. Extracting by manifest.
116 silly tarball no local data for axios@https://registry.npmjs.org/axios/-/axios-1.11.0.tgz. Extracting by manifest.
117 silly tarball no local data for asynckit@https://registry.npmjs.org/asynckit/-/asynckit-0.4.0.tgz. Extracting by manifest.
118 silly tarball no local data for @vladfrangu/async_event_emitter@https://registry.npmjs.org/@vladfrangu/async_event_emitter/-/async_event_emitter-2.4.6.tgz. Extracting by manifest.
119 silly tarball no local data for @types/ws@https://registry.npmjs.org/@types/ws/-/ws-8.18.1.tgz. Extracting by manifest.
120 silly tarball no local data for @types/node@https://registry.npmjs.org/@types/node/-/node-24.3.0.tgz. Extracting by manifest.
121 silly tarball no local data for @sapphire/snowflake@https://registry.npmjs.org/@sapphire/snowflake/-/snowflake-3.5.3.tgz. Extracting by manifest.
122 silly tarball no local data for @sapphire/shapeshift@https://registry.npmjs.org/@sapphire/shapeshift/-/shapeshift-4.0.0.tgz. Extracting by manifest.
123 silly tarball no local data for @sapphire/async-queue@https://registry.npmjs.org/@sapphire/async-queue/-/async-queue-1.5.5.tgz. Extracting by manifest.
124 silly tarball no local data for @discordjs/ws@https://registry.npmjs.org/@discordjs/ws/-/ws-1.2.3.tgz. Extracting by manifest.
125 silly tarball no local data for @discordjs/util@https://registry.npmjs.org/@discordjs/util/-/util-1.1.1.tgz. Extracting by manifest.
126 silly tarball no local data for @discordjs/rest@https://registry.npmjs.org/@discordjs/rest/-/rest-2.6.0.tgz. Extracting by manifest.
127 silly tarball no local data for @discordjs/formatters@https://registry.npmjs.org/@discordjs/formatters/-/formatters-0.6.1.tgz. Extracting by manifest.
128 silly tarball no local data for @discordjs/collection@https://registry.npmjs.org/@discordjs/collection/-/collection-1.5.3.tgz. Extracting by manifest.
129 silly tarball no local data for @discordjs/builders@https://registry.npmjs.org/@discordjs/builders/-/builders-1.11.3.tgz. Extracting by manifest.
130 silly tarball no local data for mime-types@https://registry.npmjs.org/mime-types/-/mime-types-2.1.35.tgz. Extracting by manifest.
131 silly tarball no local data for @discordjs/collection@https://registry.npmjs.org/@discordjs/collection/-/collection-2.1.1.tgz. Extracting by manifest.
132 silly tarball no local data for es-errors@https://registry.npmjs.org/es-errors/-/es-errors-1.3.0.tgz. Extracting by manifest.
133 silly tarball no local data for @discordjs/collection@https://registry.npmjs.org/@discordjs/collection/-/collection-2.1.1.tgz. Extracting by manifest.
134 http fetch POST 200 https://registry.npmjs.org/-/npm/v1/security/advisories/bulk 1480ms
135 silly audit report {
135 silly audit report   axios: [
135 silly audit report     {
135 silly audit report       id: 1108263,
135 silly audit report       url: 'https://github.com/advisories/GHSA-4hjh-wcwx-xvwj',
135 silly audit report       title: 'Axios is vulnerable to DoS attack through lack of data size check',
135 silly audit report       severity: 'high',
135 silly audit report       vulnerable_versions: '>=1.0.0 <1.12.0',
135 silly audit report       cwe: [Array],
135 silly audit report       cvss: [Object]
135 silly audit report     }
135 silly audit report   ]
135 silly audit report }
136 silly packumentCache corgi:https://registry.npmjs.org/axios cache-miss
137 http fetch GET 200 https://registry.npmjs.org/fs/-/fs-0.0.1-security.tgz 2898ms (cache miss)
138 http fetch GET 200 https://registry.npmjs.org/fetch-blob/-/fetch-blob-3.2.0.tgz 2895ms (cache miss)
139 http fetch GET 200 https://registry.npmjs.org/gopd/-/gopd-1.2.0.tgz 2905ms (cache miss)
140 http fetch GET 200 https://registry.npmjs.org/es-errors/-/es-errors-1.3.0.tgz 2801ms (cache miss)
141 http fetch GET 200 https://registry.npmjs.org/util/-/util-0.10.4.tgz 3079ms (cache miss)
142 http fetch GET 200 https://registry.npmjs.org/inherits/-/inherits-2.0.3.tgz 2996ms (cache miss)
143 http fetch GET 200 https://registry.npmjs.org/get-intrinsic/-/get-intrinsic-1.3.0.tgz 2992ms (cache miss)
144 http fetch GET 200 https://registry.npmjs.org/es-define-property/-/es-define-property-1.0.1.tgz 2984ms (cache miss)
145 http fetch GET 200 https://registry.npmjs.org/combined-stream/-/combined-stream-1.0.8.tgz 2904ms (cache miss)
146 http fetch GET 200 https://registry.npmjs.org/lodash.snakecase/-/lodash.snakecase-4.1.1.tgz 3006ms (cache miss)
147 http fetch GET 200 https://registry.npmjs.org/process/-/process-0.11.10.tgz 3013ms (cache miss)
148 http fetch GET 200 https://registry.npmjs.org/data-uri-to-buffer/-/data-uri-to-buffer-4.0.1.tgz 2916ms (cache miss)
149 http fetch GET 200 https://registry.npmjs.org/@types/ws/-/ws-8.18.1.tgz 2910ms (cache miss)
150 http fetch GET 200 https://registry.npmjs.org/hasown/-/hasown-2.0.2.tgz 3095ms (cache miss)
151 http fetch GET 200 https://registry.npmjs.org/fast-deep-equal/-/fast-deep-equal-3.1.3.tgz 3086ms (cache miss)
152 http fetch GET 200 https://registry.npmjs.org/delayed-stream/-/delayed-stream-1.0.0.tgz 3005ms (cache miss)
153 http fetch GET 200 https://registry.npmjs.org/path/-/path-0.12.7.tgz 3106ms (cache miss)
154 http fetch GET 200 https://registry.npmjs.org/@discordjs/util/-/util-1.1.1.tgz 3001ms (cache miss)
155 http fetch GET 200 https://registry.npmjs.org/magic-bytes.js/-/magic-bytes.js-1.12.1.tgz 3113ms (cache miss)
156 http fetch GET 200 https://registry.npmjs.org/proxy-from-env/-/proxy-from-env-1.1.0.tgz 3203ms (cache miss)
157 http fetch GET 200 https://registry.npmjs.org/has-symbols/-/has-symbols-1.1.0.tgz 3195ms (cache miss)
158 http fetch GET 200 https://registry.npmjs.org/mime-types/-/mime-types-2.1.35.tgz 3089ms (cache miss)
159 http fetch GET 200 https://registry.npmjs.org/ws/-/ws-8.18.3.tgz 3292ms (cache miss)
160 http fetch GET 200 https://registry.npmjs.org/@sapphire/async-queue/-/async-queue-1.5.5.tgz 3105ms (cache miss)
161 http fetch GET 200 https://registry.npmjs.org/@discordjs/formatters/-/formatters-0.6.1.tgz 3106ms (cache miss)
162 http fetch GET 200 https://registry.npmjs.org/@discordjs/collection/-/collection-2.1.1.tgz 3182ms (cache miss)
163 http fetch GET 200 https://registry.npmjs.org/get-proto/-/get-proto-1.0.1.tgz 3291ms (cache miss)
164 http fetch GET 200 https://registry.npmjs.org/@sapphire/snowflake/-/snowflake-3.5.3.tgz 3197ms (cache miss)
165 http fetch GET 200 https://registry.npmjs.org/formdata-polyfill/-/formdata-polyfill-4.0.10.tgz 3293ms (cache miss)
166 http fetch GET 200 https://registry.npmjs.org/es-set-tostringtag/-/es-set-tostringtag-2.1.0.tgz 3289ms (cache miss)
167 http fetch GET 200 https://registry.npmjs.org/es-object-atoms/-/es-object-atoms-1.1.1.tgz 3288ms (cache miss)
168 http fetch GET 200 https://registry.npmjs.org/dunder-proto/-/dunder-proto-1.0.1.tgz 3290ms (cache miss)
169 http fetch GET 200 https://registry.npmjs.org/@discordjs/collection/-/collection-2.1.1.tgz 3196ms (cache miss)
170 http fetch GET 200 https://registry.npmjs.org/function-bind/-/function-bind-1.1.2.tgz 3304ms (cache miss)
171 http fetch GET 200 https://registry.npmjs.org/follow-redirects/-/follow-redirects-1.15.11.tgz 3301ms (cache miss)
172 http fetch GET 200 https://registry.npmjs.org/call-bind-apply-helpers/-/call-bind-apply-helpers-1.0.2.tgz 3300ms (cache miss)
173 http fetch GET 200 https://registry.npmjs.org/axios 2401ms (cache miss)
174 silly packumentCache corgi:https://registry.npmjs.org/axios set size:undefined disposed:false
175 http fetch GET 200 https://registry.npmjs.org/has-tostringtag/-/has-tostringtag-1.0.2.tgz 3408ms (cache miss)
176 http fetch GET 200 https://registry.npmjs.org/asynckit/-/asynckit-0.4.0.tgz 3400ms (cache miss)
177 http fetch GET 200 https://registry.npmjs.org/mime-db/-/mime-db-1.52.0.tgz 3502ms (cache miss)
178 http fetch GET 200 https://registry.npmjs.org/tslib/-/tslib-2.8.1.tgz 3679ms (cache miss)
179 http fetch GET 200 https://registry.npmjs.org/form-data/-/form-data-4.0.4.tgz 3595ms (cache miss)
180 http fetch GET 200 https://registry.npmjs.org/@discordjs/collection/-/collection-1.5.3.tgz 3505ms (cache miss)
181 http fetch GET 200 https://registry.npmjs.org/node-domexception/-/node-domexception-1.0.0.tgz 3697ms (cache miss)
182 http fetch GET 200 https://registry.npmjs.org/math-intrinsics/-/math-intrinsics-1.1.0.tgz 3698ms (cache miss)
183 warn deprecated node-domexception@1.0.0: Use your platform's native DOMException instead
184 http fetch GET 200 https://registry.npmjs.org/ts-mixer/-/ts-mixer-6.0.4.tgz 3805ms (cache miss)
185 http fetch GET 200 https://registry.npmjs.org/node-fetch/-/node-fetch-3.3.2.tgz 3803ms (cache miss)
186 http fetch GET 200 https://registry.npmjs.org/@vladfrangu/async_event_emitter/-/async_event_emitter-2.4.6.tgz 3706ms (cache miss)
187 http fetch GET 200 https://registry.npmjs.org/@discordjs/builders/-/builders-1.11.3.tgz 3792ms (cache miss)
188 http fetch GET 200 https://registry.npmjs.org/undici-types/-/undici-types-7.10.0.tgz 3989ms (cache miss)
189 http fetch GET 200 https://registry.npmjs.org/@discordjs/ws/-/ws-1.2.3.tgz 3898ms (cache miss)
190 http fetch GET 200 https://registry.npmjs.org/@discordjs/rest/-/rest-2.6.0.tgz 4099ms (cache miss)
191 http fetch GET 200 https://registry.npmjs.org/@sapphire/shapeshift/-/shapeshift-4.0.0.tgz 4408ms (cache miss)
192 http fetch GET 200 https://registry.npmjs.org/@types/node/-/node-24.3.0.tgz 5101ms (cache miss)
193 http fetch GET 200 https://registry.npmjs.org/axios/-/axios-1.11.0.tgz 5111ms (cache miss)
194 http fetch GET 200 https://registry.npmjs.org/undici/-/undici-6.21.3.tgz 5592ms (cache miss)
195 http fetch GET 200 https://registry.npmjs.org/discord.js/-/discord.js-14.22.1.tgz 6189ms (cache miss)
196 http fetch GET 200 https://registry.npmjs.org/web-streams-polyfill/-/web-streams-polyfill-3.3.3.tgz 6488ms (cache miss)
197 http fetch GET 200 https://registry.npmjs.org/lodash/-/lodash-4.17.21.tgz 7394ms (cache miss)
198 http fetch GET 200 https://registry.npmjs.org/discord-api-types/-/discord-api-types-0.38.22.tgz 7505ms (cache miss)
199 silly ADD node_modules/ws
200 silly ADD node_modules/web-streams-polyfill
201 silly ADD node_modules/util
202 silly ADD node_modules/undici-types
203 silly ADD node_modules/undici
204 silly ADD node_modules/tslib
205 silly ADD node_modules/ts-mixer
206 silly ADD node_modules/proxy-from-env
207 silly ADD node_modules/process
208 silly ADD node_modules/path
209 silly ADD node_modules/node-fetch
210 silly ADD node_modules/node-domexception
211 silly ADD node_modules/mime-types
212 silly ADD node_modules/mime-db
213 silly ADD node_modules/math-intrinsics
214 silly ADD node_modules/magic-bytes.js
215 silly ADD node_modules/lodash.snakecase
216 silly ADD node_modules/lodash
217 silly ADD node_modules/inherits
218 silly ADD node_modules/hasown
219 silly ADD node_modules/has-tostringtag
220 silly ADD node_modules/has-symbols
221 silly ADD node_modules/gopd
222 silly ADD node_modules/get-proto
223 silly ADD node_modules/get-intrinsic
224 silly ADD node_modules/function-bind
225 silly ADD node_modules/fs
226 silly ADD node_modules/formdata-polyfill
227 silly ADD node_modules/form-data
228 silly ADD node_modules/follow-redirects
229 silly ADD node_modules/fetch-blob
230 silly ADD node_modules/fast-deep-equal
231 silly ADD node_modules/es-set-tostringtag
232 silly ADD node_modules/es-object-atoms
233 silly ADD node_modules/es-errors
234 silly ADD node_modules/es-define-property
235 silly ADD node_modules/dunder-proto
236 silly ADD node_modules/discord.js
237 silly ADD node_modules/discord-api-types
238 silly ADD node_modules/delayed-stream
239 silly ADD node_modules/data-uri-to-buffer
240 silly ADD node_modules/combined-stream
241 silly ADD node_modules/call-bind-apply-helpers
242 silly ADD node_modules/axios
243 silly ADD node_modules/asynckit
244 silly ADD node_modules/@vladfrangu/async_event_emitter
245 silly ADD node_modules/@types/ws
246 silly ADD node_modules/@types/node
247 silly ADD node_modules/@sapphire/snowflake
248 silly ADD node_modules/@sapphire/shapeshift
249 silly ADD node_modules/@sapphire/async-queue
250 silly ADD node_modules/@discordjs/ws
251 silly ADD node_modules/@discordjs/ws/node_modules/@discordjs/collection
252 silly ADD node_modules/@discordjs/util
253 silly ADD node_modules/@discordjs/rest
254 silly ADD node_modules/@discordjs/rest/node_modules/@discordjs/collection
255 silly ADD node_modules/@discordjs/formatters
256 silly ADD node_modules/@discordjs/collection
257 silly ADD node_modules/@discordjs/builders
258 verbose cwd /home/container
259 verbose os Linux 6.1.0-37-amd64
260 verbose node v18.20.8
261 verbose npm  v10.9.3
262 notice
262 notice New [31mmajor[39m version of npm available! [31m10.9.3[39m -> [34m11.6.1[39m
262 notice Changelog: [34mhttps://github.com/npm/cli/releases/tag/v11.6.1[39m
262 notice To update run: [4mnpm install -g npm@11.6.1[24m
262 notice  { force: true, [Symbol(proc-log.meta)]: true }
263 verbose exit 0
264 info ok
